<?xml version="1.0" encoding="UTF-8"?>
<testsuite name="NumbersTest" tests="1" skipped="0" failures="0" errors="0" timestamp="2021-09-16T17:33:32" hostname="LENOVO-PC" time="13.887">
  <properties/>
  <testcase name="start" classname="NumbersTest" time="13.887"/>
  <system-out><![CDATA[?[1;31m
Start test 1?[0m
Welcome to Amazing Numbers!

Supported requests:
- enter a natural number to know its properties;
- enter two natural numbers to obtain the properties of the list:
  * the first parameter represents a starting number;
  * the second parameter shows how many consecutive numbers are to be processed;
- two natural numbers and properties to search for;
- separate the parameters with one space;
- enter 0 to exit.
Enter a request: > 0
Goodbye!
?[1;31m
Start test 2?[0m
Welcome to Amazing Numbers!

Supported requests:
- enter a natural number to know its properties;
- enter two natural numbers to obtain the properties of the list:
  * the first parameter represents a starting number;
  * the second parameter shows how many consecutive numbers are to be processed;
- two natural numbers and properties to search for;
- separate the parameters with one space;
- enter 0 to exit.
Enter a request: > -19
The first parameter should be a natural number or zero.
Enter a request: > 0
Goodbye!
?[1;31m
Start test 3?[0m
Welcome to Amazing Numbers!

Supported requests:
- enter a natural number to know its properties;
- enter two natural numbers to obtain the properties of the list:
  * the first parameter represents a starting number;
  * the second parameter shows how many consecutive numbers are to be processed;
- two natural numbers and properties to search for;
- separate the parameters with one space;
- enter 0 to exit.
Enter a request: > -115
The first parameter should be a natural number or zero.
Enter a request: > 0
Goodbye!
?[1;31m
Start test 4?[0m
Welcome to Amazing Numbers!

Supported requests:
- enter a natural number to know its properties;
- enter two natural numbers to obtain the properties of the list:
  * the first parameter represents a starting number;
  * the second parameter shows how many consecutive numbers are to be processed;
- two natural numbers and properties to search for;
- separate the parameters with one space;
- enter 0 to exit.
Enter a request: > -20
The first parameter should be a natural number or zero.
Enter a request: > 0
Goodbye!
?[1;31m
Start test 5?[0m
Welcome to Amazing Numbers!

Supported requests:
- enter a natural number to know its properties;
- enter two natural numbers to obtain the properties of the list:
  * the first parameter represents a starting number;
  * the second parameter shows how many consecutive numbers are to be processed;
- two natural numbers and properties to search for;
- separate the parameters with one space;
- enter 0 to exit.
Enter a request: > -15
The first parameter should be a natural number or zero.
Enter a request: > 0
Goodbye!
?[1;31m
Start test 6?[0m
Welcome to Amazing Numbers!

Supported requests:
- enter a natural number to know its properties;
- enter two natural numbers to obtain the properties of the list:
  * the first parameter represents a starting number;
  * the second parameter shows how many consecutive numbers are to be processed;
- two natural numbers and properties to search for;
- separate the parameters with one space;
- enter 0 to exit.
Enter a request: > -95
The first parameter should be a natural number or zero.
Enter a request: > 0
Goodbye!
?[1;31m
Start test 7?[0m
Welcome to Amazing Numbers!

Supported requests:
- enter a natural number to know its properties;
- enter two natural numbers to obtain the properties of the list:
  * the first parameter represents a starting number;
  * the second parameter shows how many consecutive numbers are to be processed;
- two natural numbers and properties to search for;
- separate the parameters with one space;
- enter 0 to exit.
Enter a request: > 21156 -20948
The second parameter should be a natural number.
Enter a request: > 0
Goodbye!
?[1;31m
Start test 8?[0m
Welcome to Amazing Numbers!

Supported requests:
- enter a natural number to know its properties;
- enter two natural numbers to obtain the properties of the list:
  * the first parameter represents a starting number;
  * the second parameter shows how many consecutive numbers are to be processed;
- two natural numbers and properties to search for;
- separate the parameters with one space;
- enter 0 to exit.
Enter a request: > 7111 -22156
The second parameter should be a natural number.
Enter a request: > 0
Goodbye!
?[1;31m
Start test 9?[0m
Welcome to Amazing Numbers!

Supported requests:
- enter a natural number to know its properties;
- enter two natural numbers to obtain the properties of the list:
  * the first parameter represents a starting number;
  * the second parameter shows how many consecutive numbers are to be processed;
- two natural numbers and properties to search for;
- separate the parameters with one space;
- enter 0 to exit.
Enter a request: > 26439 -8035
The second parameter should be a natural number.
Enter a request: > 0
Goodbye!
?[1;31m
Start test 10?[0m
Welcome to Amazing Numbers!

Supported requests:
- enter a natural number to know its properties;
- enter two natural numbers to obtain the properties of the list:
  * the first parameter represents a starting number;
  * the second parameter shows how many consecutive numbers are to be processed;
- two natural numbers and properties to search for;
- separate the parameters with one space;
- enter 0 to exit.
Enter a request: > 16519 -1054
The second parameter should be a natural number.
Enter a request: > 0
Goodbye!
?[1;31m
Start test 11?[0m
Welcome to Amazing Numbers!

Supported requests:
- enter a natural number to know its properties;
- enter two natural numbers to obtain the properties of the list:
  * the first parameter represents a starting number;
  * the second parameter shows how many consecutive numbers are to be processed;
- two natural numbers and properties to search for;
- separate the parameters with one space;
- enter 0 to exit.
Enter a request: > 14798 -16636
The second parameter should be a natural number.
Enter a request: > 0
Goodbye!
?[1;31m
Start test 12?[0m
Welcome to Amazing Numbers!

Supported requests:
- enter a natural number to know its properties;
- enter two natural numbers to obtain the properties of the list:
  * the first parameter represents a starting number;
  * the second parameter shows how many consecutive numbers are to be processed;
- two natural numbers and properties to search for;
- separate the parameters with one space;
- enter 0 to exit.
Enter a request: > 7075 -9220
The second parameter should be a natural number.
Enter a request: > 0
Goodbye!
?[1;31m
Start test 13?[0m
Welcome to Amazing Numbers!

Supported requests:
- enter a natural number to know its properties;
- enter two natural numbers to obtain the properties of the list:
  * the first parameter represents a starting number;
  * the second parameter shows how many consecutive numbers are to be processed;
- two natural numbers and properties to search for;
- separate the parameters with one space;
- enter 0 to exit.
Enter a request: > 12986 -15805
The second parameter should be a natural number.
Enter a request: > 0
Goodbye!
?[1;31m
Start test 14?[0m
Welcome to Amazing Numbers!

Supported requests:
- enter a natural number to know its properties;
- enter two natural numbers to obtain the properties of the list:
  * the first parameter represents a starting number;
  * the second parameter shows how many consecutive numbers are to be processed;
- two natural numbers and properties to search for;
- separate the parameters with one space;
- enter 0 to exit.
Enter a request: > 8989 -13088
The second parameter should be a natural number.
Enter a request: > 0
Goodbye!
?[1;31m
Start test 15?[0m
Welcome to Amazing Numbers!

Supported requests:
- enter a natural number to know its properties;
- enter two natural numbers to obtain the properties of the list:
  * the first parameter represents a starting number;
  * the second parameter shows how many consecutive numbers are to be processed;
- two natural numbers and properties to search for;
- separate the parameters with one space;
- enter 0 to exit.
Enter a request: > 28800 -11419
The second parameter should be a natural number.
Enter a request: > 0
Goodbye!
?[1;31m
Start test 16?[0m
Welcome to Amazing Numbers!

Supported requests:
- enter a natural number to know its properties;
- enter two natural numbers to obtain the properties of the list:
  * the first parameter represents a starting number;
  * the second parameter shows how many consecutive numbers are to be processed;
- two natural numbers and properties to search for;
- separate the parameters with one space;
- enter 0 to exit.
Enter a request: > 32206 -17587
The second parameter should be a natural number.
Enter a request: > 0
Goodbye!
?[1;31m
Start test 17?[0m
Welcome to Amazing Numbers!

Supported requests:
- enter a natural number to know its properties;
- enter two natural numbers to obtain the properties of the list:
  * the first parameter represents a starting number;
  * the second parameter shows how many consecutive numbers are to be processed;
- two natural numbers and properties to search for;
- separate the parameters with one space;
- enter 0 to exit.
Enter a request: > 1
Properties of 1
even: false
odd: true
buzz: false
duck: false
palindromic: true
gapful: false
spy: true
square: true
sunny: false
jumping: true
Enter a request: > 2
Properties of 2
even: true
odd: false
buzz: false
duck: false
palindromic: true
gapful: false
spy: true
square: false
sunny: false
jumping: true
Enter a request: > 3
Properties of 3
even: false
odd: true
buzz: false
duck: false
palindromic: true
gapful: false
spy: true
square: false
sunny: true
jumping: true
Enter a request: > 4
Properties of 4
even: true
odd: false
buzz: false
duck: false
palindromic: true
gapful: false
spy: true
square: true
sunny: false
jumping: true
Enter a request: > 5
Properties of 5
even: false
odd: true
buzz: false
duck: false
palindromic: true
gapful: false
spy: true
square: false
sunny: false
jumping: true
Enter a request: > 6
Properties of 6
even: true
odd: false
buzz: false
duck: false
palindromic: true
gapful: false
spy: true
square: false
sunny: false
jumping: true
Enter a request: > 7
Properties of 7
even: false
odd: true
buzz: true
duck: false
palindromic: true
gapful: false
spy: true
square: false
sunny: false
jumping: true
Enter a request: > 8
Properties of 8
even: true
odd: false
buzz: false
duck: false
palindromic: true
gapful: false
spy: true
square: false
sunny: true
jumping: true
Enter a request: > 9
Properties of 9
even: false
odd: true
buzz: false
duck: false
palindromic: true
gapful: false
spy: true
square: true
sunny: false
jumping: true
Enter a request: > 10
Properties of 10
even: true
odd: false
buzz: false
duck: true
palindromic: false
gapful: false
spy: false
square: false
sunny: false
jumping: true
Enter a request: > 11
Properties of 11
even: false
odd: true
buzz: false
duck: false
palindromic: true
gapful: false
spy: false
square: false
sunny: false
jumping: false
Enter a request: > 12
Properties of 12
even: true
odd: false
buzz: false
duck: false
palindromic: false
gapful: false
spy: false
square: false
sunny: false
jumping: true
Enter a request: > 13
Properties of 13
even: false
odd: true
buzz: false
duck: false
palindromic: false
gapful: false
spy: false
square: false
sunny: false
jumping: false
Enter a request: > 14
Properties of 14
even: true
odd: false
buzz: true
duck: false
palindromic: false
gapful: false
spy: false
square: false
sunny: false
jumping: false
Enter a request: > 8500459793094439971
Properties of 8500459793094439971
even: false
odd: true
buzz: false
duck: true
palindromic: false
gapful: false
spy: false
square: false
sunny: false
jumping: false
Enter a request: > 4201554386784938178
Properties of 4201554386784938178
even: true
odd: false
buzz: false
duck: true
palindromic: false
gapful: false
spy: false
square: false
sunny: false
jumping: false
Enter a request: > 200917420667953596
Properties of 200917420667953596
even: true
odd: false
buzz: false
duck: true
palindromic: false
gapful: false
spy: false
square: false
sunny: false
jumping: false
Enter a request: > 5500802266786772780
Properties of 5500802266786772780
even: true
odd: false
buzz: false
duck: true
palindromic: false
gapful: false
spy: false
square: false
sunny: false
jumping: false
Enter a request: > 8408105100335256696
Properties of 8408105100335256696
even: true
odd: false
buzz: false
duck: true
palindromic: false
gapful: false
spy: false
square: false
sunny: false
jumping: false
Enter a request: > 5676046790658786479
Properties of 5676046790658786479
even: false
odd: true
buzz: true
duck: true
palindromic: false
gapful: false
spy: false
square: false
sunny: false
jumping: false
Enter a request: > 1179016778226962403
Properties of 1179016778226962403
even: false
odd: true
buzz: false
duck: true
palindromic: false
gapful: false
spy: false
square: false
sunny: false
jumping: false
Enter a request: > 7010294121125970022
Properties of 7010294121125970022
even: true
odd: false
buzz: false
duck: true
palindromic: false
gapful: false
spy: false
square: false
sunny: false
jumping: false
Enter a request: > 939037294080390347
Properties of 939037294080390347
even: false
odd: true
buzz: true
duck: true
palindromic: false
gapful: false
spy: false
square: false
sunny: false
jumping: false
Enter a request: > 8191514541981953740
Properties of 8191514541981953740
even: true
odd: false
buzz: false
duck: true
palindromic: false
gapful: false
spy: false
square: false
sunny: false
jumping: false
Enter a request: > 0
Goodbye!
?[1;31m
Start test 18?[0m
Welcome to Amazing Numbers!

Supported requests:
- enter a natural number to know its properties;
- enter two natural numbers to obtain the properties of the list:
  * the first parameter represents a starting number;
  * the second parameter shows how many consecutive numbers are to be processed;
- two natural numbers and properties to search for;
- separate the parameters with one space;
- enter 0 to exit.
Enter a request: > 1 15
1 is jumping, square, spy, palindromic, odd
2 is jumping, spy, palindromic, even
3 is jumping, sunny, spy, palindromic, odd
4 is jumping, square, spy, palindromic, even
5 is jumping, spy, palindromic, odd
6 is jumping, spy, palindromic, even
7 is jumping, spy, buzz, palindromic, odd
8 is jumping, sunny, spy, palindromic, even
9 is jumping, square, spy, palindromic, odd
10 is jumping, duck, even
11 is palindromic, odd
12 is jumping, even
13 is odd
14 is buzz, even
15 is sunny, odd
Enter a request: > 0
Goodbye!
?[1;31m
Start test 19?[0m
Welcome to Amazing Numbers!

Supported requests:
- enter a natural number to know its properties;
- enter two natural numbers to obtain the properties of the list:
  * the first parameter represents a starting number;
  * the second parameter shows how many consecutive numbers are to be processed;
- two natural numbers and properties to search for;
- separate the parameters with one space;
- enter 0 to exit.
Enter a request: > 8140438115687262390 18
8140438115687262390 is duck, even
8140438115687262391 is duck, odd
8140438115687262392 is buzz, duck, even
8140438115687262393 is duck, odd
8140438115687262394 is duck, even
8140438115687262395 is duck, odd
8140438115687262396 is duck, even
8140438115687262397 is buzz, duck, odd
8140438115687262398 is duck, even
8140438115687262399 is buzz, duck, odd
8140438115687262400 is duck, gapful, even
8140438115687262401 is duck, odd
8140438115687262402 is duck, even
8140438115687262403 is duck, odd
8140438115687262404 is duck, even
8140438115687262405 is duck, odd
8140438115687262406 is buzz, duck, even
8140438115687262407 is buzz, duck, odd
Enter a request: > 0
Goodbye!
?[1;31m
Start test 20?[0m
Welcome to Amazing Numbers!

Supported requests:
- enter a natural number to know its properties;
- enter two natural numbers to obtain the properties of the list:
  * the first parameter represents a starting number;
  * the second parameter shows how many consecutive numbers are to be processed;
- two natural numbers and properties to search for;
- separate the parameters with one space;
- enter 0 to exit.
Enter a request: > 7454975841825714825 15
7454975841825714825 is buzz, gapful, odd
7454975841825714826 is even
7454975841825714827 is buzz, odd
7454975841825714828 is even
7454975841825714829 is odd
7454975841825714830 is duck, even
7454975841825714831 is odd
7454975841825714832 is buzz, even
7454975841825714833 is odd
7454975841825714834 is even
7454975841825714835 is odd
7454975841825714836 is even
7454975841825714837 is buzz, odd
7454975841825714838 is even
7454975841825714839 is buzz, gapful, odd
Enter a request: > 0
Goodbye!
?[1;31m
Start test 21?[0m
Welcome to Amazing Numbers!

Supported requests:
- enter a natural number to know its properties;
- enter two natural numbers to obtain the properties of the list:
  * the first parameter represents a starting number;
  * the second parameter shows how many consecutive numbers are to be processed;
- two natural numbers and properties to search for;
- separate the parameters with one space;
- enter 0 to exit.
Enter a request: > 4114173376650435195 11
4114173376650435195 is duck, odd
4114173376650435196 is buzz, duck, even
4114173376650435197 is buzz, duck, odd
4114173376650435198 is duck, even
4114173376650435199 is duck, odd
4114173376650435200 is duck, gapful, even
4114173376650435201 is duck, odd
4114173376650435202 is duck, even
4114173376650435203 is buzz, duck, odd
4114173376650435204 is duck, even
4114173376650435205 is duck, odd
Enter a request: > 0
Goodbye!
?[1;31m
Start test 22?[0m
Welcome to Amazing Numbers!

Supported requests:
- enter a natural number to know its properties;
- enter two natural numbers to obtain the properties of the list:
  * the first parameter represents a starting number;
  * the second parameter shows how many consecutive numbers are to be processed;
- two natural numbers and properties to search for;
- separate the parameters with one space;
- enter 0 to exit.
Enter a request: > 8205684303834006286 3
8205684303834006286 is duck, gapful, even
8205684303834006287 is buzz, duck, odd
8205684303834006288 is duck, even
Enter a request: > 0
Goodbye!
?[1;31m
Start test 23?[0m
Welcome to Amazing Numbers!

Supported requests:
- enter a natural number to know its properties;
- enter two natural numbers to obtain the properties of the list:
  * the first parameter represents a starting number;
  * the second parameter shows how many consecutive numbers are to be processed;
- two natural numbers and properties to search for;
- separate the parameters with one space;
- enter 0 to exit.
Enter a request: > 1986485234907966712 9
1986485234907966712 is duck, even
1986485234907966713 is duck, odd
1986485234907966714 is duck, even
1986485234907966715 is duck, odd
1986485234907966716 is buzz, duck, even
1986485234907966717 is buzz, duck, gapful, odd
1986485234907966718 is duck, even
1986485234907966719 is duck, odd
1986485234907966720 is duck, gapful, even
Enter a request: > 0
Goodbye!
?[1;31m
Start test 24?[0m
Welcome to Amazing Numbers!

Supported requests:
- enter a natural number to know its properties;
- enter two natural numbers to obtain the properties of the list:
  * the first parameter represents a starting number;
  * the second parameter shows how many consecutive numbers are to be processed;
- two natural numbers and properties to search for;
- separate the parameters with one space;
- enter 0 to exit.
Enter a request: > 4509526399430385065 19
4509526399430385065 is duck, odd
4509526399430385066 is duck, even
4509526399430385067 is buzz, duck, odd
4509526399430385068 is duck, even
4509526399430385069 is duck, odd
4509526399430385070 is duck, even
4509526399430385071 is duck, odd
4509526399430385072 is duck, even
4509526399430385073 is duck, odd
4509526399430385074 is buzz, duck, even
4509526399430385075 is duck, odd
4509526399430385076 is duck, even
4509526399430385077 is buzz, duck, gapful, odd
4509526399430385078 is duck, even
4509526399430385079 is duck, odd
4509526399430385080 is duck, gapful, even
4509526399430385081 is buzz, duck, odd
4509526399430385082 is duck, even
4509526399430385083 is duck, odd
Enter a request: > 0
Goodbye!
?[1;31m
Start test 25?[0m
Welcome to Amazing Numbers!

Supported requests:
- enter a natural number to know its properties;
- enter two natural numbers to obtain the properties of the list:
  * the first parameter represents a starting number;
  * the second parameter shows how many consecutive numbers are to be processed;
- two natural numbers and properties to search for;
- separate the parameters with one space;
- enter 0 to exit.
Enter a request: > 2030911004420625967 2
2030911004420625967 is buzz, duck, odd
2030911004420625968 is duck, even
Enter a request: > 0
Goodbye!
?[1;31m
Start test 26?[0m
Welcome to Amazing Numbers!

Supported requests:
- enter a natural number to know its properties;
- enter two natural numbers to obtain the properties of the list:
  * the first parameter represents a starting number;
  * the second parameter shows how many consecutive numbers are to be processed;
- two natural numbers and properties to search for;
- separate the parameters with one space;
- enter 0 to exit.
Enter a request: > 5090132432319144340 20
5090132432319144340 is duck, even
5090132432319144341 is duck, odd
5090132432319144342 is duck, even
5090132432319144343 is buzz, duck, odd
5090132432319144344 is duck, even
5090132432319144345 is duck, odd
5090132432319144346 is duck, even
5090132432319144347 is buzz, duck, odd
5090132432319144348 is duck, even
5090132432319144349 is duck, odd
5090132432319144350 is buzz, duck, gapful, even
5090132432319144351 is duck, odd
5090132432319144352 is duck, even
5090132432319144353 is duck, odd
5090132432319144354 is duck, even
5090132432319144355 is duck, odd
5090132432319144356 is duck, even
5090132432319144357 is buzz, duck, odd
5090132432319144358 is duck, even
5090132432319144359 is duck, odd
Enter a request: > 0
Goodbye!
?[1;31m
Start test 27?[0m
Welcome to Amazing Numbers!

Supported requests:
- enter a natural number to know its properties;
- enter two natural numbers to obtain the properties of the list:
  * the first parameter represents a starting number;
  * the second parameter shows how many consecutive numbers are to be processed;
- two natural numbers and properties to search for;
- separate the parameters with one space;
- enter 0 to exit.
Enter a request: > 6244933542461319177 11
6244933542461319177 is buzz, odd
6244933542461319178 is even
6244933542461319179 is odd
6244933542461319180 is duck, gapful, even
6244933542461319181 is buzz, odd
6244933542461319182 is even
6244933542461319183 is odd
6244933542461319184 is even
6244933542461319185 is odd
6244933542461319186 is even
6244933542461319187 is buzz, odd
Enter a request: > 0
Goodbye!
?[1;31m
Start test 28?[0m
Welcome to Amazing Numbers!

Supported requests:
- enter a natural number to know its properties;
- enter two natural numbers to obtain the properties of the list:
  * the first parameter represents a starting number;
  * the second parameter shows how many consecutive numbers are to be processed;
- two natural numbers and properties to search for;
- separate the parameters with one space;
- enter 0 to exit.
Enter a request: > 5478641196238563023 7
5478641196238563023 is duck, odd
5478641196238563024 is buzz, duck, even
5478641196238563025 is duck, odd
5478641196238563026 is duck, even
5478641196238563027 is buzz, duck, odd
5478641196238563028 is duck, even
5478641196238563029 is duck, odd
Enter a request: > 0
Goodbye!
?[1;31m
Start test 29?[0m
Welcome to Amazing Numbers!

Supported requests:
- enter a natural number to know its properties;
- enter two natural numbers to obtain the properties of the list:
  * the first parameter represents a starting number;
  * the second parameter shows how many consecutive numbers are to be processed;
- two natural numbers and properties to search for;
- separate the parameters with one space;
- enter 0 to exit.
Enter a request: > 1 10 May
The property [MAY] is wrong.
Available properties: [BUZZ, DUCK, PALINDROMIC, GAPFUL, SPY, SQUARE, SUNNY, JUMPING, EVEN, ODD]
Enter a request: > 0
Goodbye!
?[1;31m
Start test 30?[0m
Welcome to Amazing Numbers!

Supported requests:
- enter a natural number to know its properties;
- enter two natural numbers to obtain the properties of the list:
  * the first parameter represents a starting number;
  * the second parameter shows how many consecutive numbers are to be processed;
- two natural numbers and properties to search for;
- separate the parameters with one space;
- enter 0 to exit.
Enter a request: > 40 2 bay
The property [BAY] is wrong.
Available properties: [BUZZ, DUCK, PALINDROMIC, GAPFUL, SPY, SQUARE, SUNNY, JUMPING, EVEN, ODD]
Enter a request: > 0
Goodbye!
?[1;31m
Start test 31?[0m
Welcome to Amazing Numbers!

Supported requests:
- enter a natural number to know its properties;
- enter two natural numbers to obtain the properties of the list:
  * the first parameter represents a starting number;
  * the second parameter shows how many consecutive numbers are to be processed;
- two natural numbers and properties to search for;
- separate the parameters with one space;
- enter 0 to exit.
Enter a request: > 37 4 8
The property [8] is wrong.
Available properties: [BUZZ, DUCK, PALINDROMIC, GAPFUL, SPY, SQUARE, SUNNY, JUMPING, EVEN, ODD]
Enter a request: > 0
Goodbye!
?[1;31m
Start test 32?[0m
Welcome to Amazing Numbers!

Supported requests:
- enter a natural number to know its properties;
- enter two natural numbers to obtain the properties of the list:
  * the first parameter represents a starting number;
  * the second parameter shows how many consecutive numbers are to be processed;
- two natural numbers and properties to search for;
- separate the parameters with one space;
- enter 0 to exit.
Enter a request: > 67 2 day
The property [DAY] is wrong.
Available properties: [BUZZ, DUCK, PALINDROMIC, GAPFUL, SPY, SQUARE, SUNNY, JUMPING, EVEN, ODD]
Enter a request: > 0
Goodbye!
?[1;31m
Start test 33?[0m
Welcome to Amazing Numbers!

Supported requests:
- enter a natural number to know its properties;
- enter two natural numbers to obtain the properties of the list:
  * the first parameter represents a starting number;
  * the second parameter shows how many consecutive numbers are to be processed;
- two natural numbers and properties to search for;
- separate the parameters with one space;
- enter 0 to exit.
Enter a request: > 2 54 Prime
The property [PRIME] is wrong.
Available properties: [BUZZ, DUCK, PALINDROMIC, GAPFUL, SPY, SQUARE, SUNNY, JUMPING, EVEN, ODD]
Enter a request: > 0
Goodbye!
?[1;31m
Start test 34?[0m
Welcome to Amazing Numbers!

Supported requests:
- enter a natural number to know its properties;
- enter two natural numbers to obtain the properties of the list:
  * the first parameter represents a starting number;
  * the second parameter shows how many consecutive numbers are to be processed;
- two natural numbers and properties to search for;
- separate the parameters with one space;
- enter 0 to exit.
Enter a request: > 6 8 ...
The property [...] is wrong.
Available properties: [BUZZ, DUCK, PALINDROMIC, GAPFUL, SPY, SQUARE, SUNNY, JUMPING, EVEN, ODD]
Enter a request: > 0
Goodbye!
?[1;31m
Start test 35?[0m
Welcome to Amazing Numbers!

Supported requests:
- enter a natural number to know its properties;
- enter two natural numbers to obtain the properties of the list:
  * the first parameter represents a starting number;
  * the second parameter shows how many consecutive numbers are to be processed;
- two natural numbers and properties to search for;
- separate the parameters with one space;
- enter 0 to exit.
Enter a request: > 5 9 none
The property [NONE] is wrong.
Available properties: [BUZZ, DUCK, PALINDROMIC, GAPFUL, SPY, SQUARE, SUNNY, JUMPING, EVEN, ODD]
Enter a request: > 0
Goodbye!
?[1;31m
Start test 36?[0m
Welcome to Amazing Numbers!

Supported requests:
- enter a natural number to know its properties;
- enter two natural numbers to obtain the properties of the list:
  * the first parameter represents a starting number;
  * the second parameter shows how many consecutive numbers are to be processed;
- two natural numbers and properties to search for;
- separate the parameters with one space;
- enter 0 to exit.
Enter a request: > 1 10 BUZZ
7 is jumping, spy, buzz, palindromic, odd
14 is buzz, even
17 is buzz, odd
21 is jumping, buzz, odd
27 is buzz, odd
28 is buzz, even
35 is sunny, buzz, odd
37 is buzz, odd
42 is buzz, even
47 is buzz, odd
Enter a request: > 1 10 DUCK
10 is jumping, duck, even
20 is duck, even
30 is duck, even
40 is duck, even
50 is duck, even
60 is duck, even
70 is buzz, duck, even
80 is sunny, duck, even
90 is duck, even
100 is square, duck, gapful, even
Enter a request: > 1 10 PALINDROMIC
1 is jumping, square, spy, palindromic, odd
2 is jumping, spy, palindromic, even
3 is jumping, sunny, spy, palindromic, odd
4 is jumping, square, spy, palindromic, even
5 is jumping, spy, palindromic, odd
6 is jumping, spy, palindromic, even
7 is jumping, spy, buzz, palindromic, odd
8 is jumping, sunny, spy, palindromic, even
9 is jumping, square, spy, palindromic, odd
11 is palindromic, odd
Enter a request: > 1 10 GAPFUL
100 is square, duck, gapful, even
105 is buzz, duck, gapful, odd
108 is duck, gapful, even
110 is duck, gapful, even
120 is sunny, duck, gapful, even
121 is jumping, square, palindromic, gapful, odd
130 is duck, gapful, even
132 is spy, gapful, even
135 is gapful, odd
140 is buzz, duck, gapful, even
Enter a request: > 1 10 SPY
1 is jumping, square, spy, palindromic, odd
2 is jumping, spy, palindromic, even
3 is jumping, sunny, spy, palindromic, odd
4 is jumping, square, spy, palindromic, even
5 is jumping, spy, palindromic, odd
6 is jumping, spy, palindromic, even
7 is jumping, spy, buzz, palindromic, odd
8 is jumping, sunny, spy, palindromic, even
9 is jumping, square, spy, palindromic, odd
22 is spy, palindromic, even
Enter a request: > 1 10 SQUARE
1 is jumping, square, spy, palindromic, odd
4 is jumping, square, spy, palindromic, even
9 is jumping, square, spy, palindromic, odd
16 is square, even
25 is square, odd
36 is square, even
49 is square, buzz, odd
64 is square, even
81 is square, odd
100 is square, duck, gapful, even
Enter a request: > 1 10 SUNNY
3 is jumping, sunny, spy, palindromic, odd
8 is jumping, sunny, spy, palindromic, even
15 is sunny, odd
24 is sunny, even
35 is sunny, buzz, odd
48 is sunny, even
63 is sunny, buzz, odd
80 is sunny, duck, even
99 is sunny, palindromic, odd
120 is sunny, duck, gapful, even
Enter a request: > 1 10 JUMPING
1 is jumping, square, spy, palindromic, odd
2 is jumping, spy, palindromic, even
3 is jumping, sunny, spy, palindromic, odd
4 is jumping, square, spy, palindromic, even
5 is jumping, spy, palindromic, odd
6 is jumping, spy, palindromic, even
7 is jumping, spy, buzz, palindromic, odd
8 is jumping, sunny, spy, palindromic, even
9 is jumping, square, spy, palindromic, odd
10 is jumping, duck, even
Enter a request: > 1 10 EVEN
2 is jumping, spy, palindromic, even
4 is jumping, square, spy, palindromic, even
6 is jumping, spy, palindromic, even
8 is jumping, sunny, spy, palindromic, even
10 is jumping, duck, even
12 is jumping, even
14 is buzz, even
16 is square, even
18 is even
20 is duck, even
Enter a request: > 1 10 ODD
1 is jumping, square, spy, palindromic, odd
3 is jumping, sunny, spy, palindromic, odd
5 is jumping, spy, palindromic, odd
7 is jumping, spy, buzz, palindromic, odd
9 is jumping, square, spy, palindromic, odd
11 is palindromic, odd
13 is odd
15 is sunny, odd
17 is buzz, odd
19 is odd
Enter a request: > 0
Goodbye!
?[1;31m
Start test 37?[0m
Welcome to Amazing Numbers!

Supported requests:
- enter a natural number to know its properties;
- enter two natural numbers to obtain the properties of the list:
  * the first parameter represents a starting number;
  * the second parameter shows how many consecutive numbers are to be processed;
- two natural numbers and properties to search for;
- separate the parameters with one space;
- enter 0 to exit.
Enter a request: > 18464 8 DUCK
18470 is duck, gapful, even
18480 is buzz, duck, gapful, even
18490 is duck, gapful, even
18500 is duck, gapful, even
18501 is buzz, duck, odd
18502 is duck, even
18503 is duck, odd
18504 is duck, even
Enter a request: > 0
Goodbye!
?[1;31m
Start test 38?[0m
Welcome to Amazing Numbers!

Supported requests:
- enter a natural number to know its properties;
- enter two natural numbers to obtain the properties of the list:
  * the first parameter represents a starting number;
  * the second parameter shows how many consecutive numbers are to be processed;
- two natural numbers and properties to search for;
- separate the parameters with one space;
- enter 0 to exit.
Enter a request: > 9333 14 PALINDROMIC
9339 is palindromic, odd
9449 is palindromic, odd
9559 is palindromic, odd
9669 is palindromic, odd
9779 is buzz, palindromic, odd
9889 is palindromic, odd
9999 is sunny, palindromic, gapful, odd
10001 is duck, palindromic, odd
10101 is jumping, buzz, duck, palindromic, odd
10201 is square, duck, palindromic, odd
10301 is duck, palindromic, odd
10401 is duck, palindromic, odd
10501 is duck, palindromic, odd
10601 is duck, palindromic, odd
Enter a request: > 0
Goodbye!
?[1;31m
Start test 39?[0m
Welcome to Amazing Numbers!

Supported requests:
- enter a natural number to know its properties;
- enter two natural numbers to obtain the properties of the list:
  * the first parameter represents a starting number;
  * the second parameter shows how many consecutive numbers are to be processed;
- two natural numbers and properties to search for;
- separate the parameters with one space;
- enter 0 to exit.
Enter a request: > 19170 4 SUNNY
19320 is sunny, buzz, duck, gapful, even
19599 is sunny, odd
19880 is sunny, buzz, duck, gapful, even
20163 is sunny, duck, odd
Enter a request: > 0
Goodbye!
?[1;31m
Start test 40?[0m
Welcome to Amazing Numbers!

Supported requests:
- enter a natural number to know its properties;
- enter two natural numbers to obtain the properties of the list:
  * the first parameter represents a starting number;
  * the second parameter shows how many consecutive numbers are to be processed;
- two natural numbers and properties to search for;
- separate the parameters with one space;
- enter 0 to exit.
Enter a request: > 23715 3 SUNNY
23715 is sunny, odd
24024 is sunny, buzz, duck, gapful, even
24335 is sunny, odd
Enter a request: > 0
Goodbye!
?[1;31m
Start test 41?[0m
Welcome to Amazing Numbers!

Supported requests:
- enter a natural number to know its properties;
- enter two natural numbers to obtain the properties of the list:
  * the first parameter represents a starting number;
  * the second parameter shows how many consecutive numbers are to be processed;
- two natural numbers and properties to search for;
- separate the parameters with one space;
- enter 0 to exit.
Enter a request: > 26302 10 GAPFUL
26304 is duck, gapful, even
26312 is gapful, even
26320 is buzz, duck, gapful, even
26325 is gapful, odd
26340 is duck, gapful, even
26348 is buzz, gapful, even
26360 is duck, gapful, even
26375 is gapful, odd
26380 is duck, gapful, even
26400 is duck, gapful, even
Enter a request: > 0
Goodbye!
?[1;31m
Start test 42?[0m
Welcome to Amazing Numbers!

Supported requests:
- enter a natural number to know its properties;
- enter two natural numbers to obtain the properties of the list:
  * the first parameter represents a starting number;
  * the second parameter shows how many consecutive numbers are to be processed;
- two natural numbers and properties to search for;
- separate the parameters with one space;
- enter 0 to exit.
Enter a request: > 21697 6 ODD
21697 is buzz, odd
21699 is odd
21701 is duck, odd
21703 is duck, odd
21705 is duck, odd
21707 is buzz, duck, odd
Enter a request: > 0
Goodbye!
?[1;31m
Start test 43?[0m
Welcome to Amazing Numbers!

Supported requests:
- enter a natural number to know its properties;
- enter two natural numbers to obtain the properties of the list:
  * the first parameter represents a starting number;
  * the second parameter shows how many consecutive numbers are to be processed;
- two natural numbers and properties to search for;
- separate the parameters with one space;
- enter 0 to exit.
Enter a request: > 1109 2 JUMPING
1210 is jumping, duck, gapful, even
1212 is jumping, gapful, even
Enter a request: > 0
Goodbye!
?[1;31m
Start test 44?[0m
Welcome to Amazing Numbers!

Supported requests:
- enter a natural number to know its properties;
- enter two natural numbers to obtain the properties of the list:
  * the first parameter represents a starting number;
  * the second parameter shows how many consecutive numbers are to be processed;
- two natural numbers and properties to search for;
- separate the parameters with one space;
- enter 0 to exit.
Enter a request: > 10780 19 SPY
11125 is spy, odd
11133 is spy, odd
11152 is spy, even
11215 is spy, odd
11222 is spy, even
11251 is spy, odd
11313 is spy, odd
11331 is spy, odd
11512 is spy, even
11521 is spy, odd
12115 is spy, odd
12122 is spy, even
12151 is spy, odd
12212 is spy, even
12221 is spy, palindromic, gapful, odd
12511 is spy, odd
13113 is spy, odd
13131 is spy, palindromic, odd
13311 is spy, odd
Enter a request: > 0
Goodbye!
?[1;31m
Start test 45?[0m
Welcome to Amazing Numbers!

Supported requests:
- enter a natural number to know its properties;
- enter two natural numbers to obtain the properties of the list:
  * the first parameter represents a starting number;
  * the second parameter shows how many consecutive numbers are to be processed;
- two natural numbers and properties to search for;
- separate the parameters with one space;
- enter 0 to exit.
Enter a request: > 11592 5 SQUARE
11664 is square, even
11881 is square, odd
12100 is square, duck, gapful, even
12321 is jumping, square, palindromic, odd
12544 is square, buzz, gapful, even
Enter a request: > 0
Goodbye!
?[1;31m
Start test 46?[0m
Welcome to Amazing Numbers!

Supported requests:
- enter a natural number to know its properties;
- enter two natural numbers to obtain the properties of the list:
  * the first parameter represents a starting number;
  * the second parameter shows how many consecutive numbers are to be processed;
- two natural numbers and properties to search for;
- separate the parameters with one space;
- enter 0 to exit.
Enter a request: > 25858 3 SQUARE
25921 is square, buzz, odd
26244 is square, even
26569 is square, odd
Enter a request: > 0
Goodbye!
?[1;31m
Start test 47?[0m
Welcome to Amazing Numbers!

Supported requests:
- enter a natural number to know its properties;
- enter two natural numbers to obtain the properties of the list:
  * the first parameter represents a starting number;
  * the second parameter shows how many consecutive numbers are to be processed;
- two natural numbers and properties to search for;
- separate the parameters with one space;
- enter 0 to exit.
Enter a request: > 1 10 odd girl
The property [GIRL] is wrong.
Available properties: [BUZZ, DUCK, PALINDROMIC, GAPFUL, SPY, SQUARE, SUNNY, JUMPING, EVEN, ODD]
Enter a request: > 0
Goodbye!
?[1;31m
Start test 48?[0m
Welcome to Amazing Numbers!

Supported requests:
- enter a natural number to know its properties;
- enter two natural numbers to obtain the properties of the list:
  * the first parameter represents a starting number;
  * the second parameter shows how many consecutive numbers are to be processed;
- two natural numbers and properties to search for;
- separate the parameters with one space;
- enter 0 to exit.
Enter a request: > 40 2 even day
The property [DAY] is wrong.
Available properties: [BUZZ, DUCK, PALINDROMIC, GAPFUL, SPY, SQUARE, SUNNY, JUMPING, EVEN, ODD]
Enter a request: > 0
Goodbye!
?[1;31m
Start test 49?[0m
Welcome to Amazing Numbers!

Supported requests:
- enter a natural number to know its properties;
- enter two natural numbers to obtain the properties of the list:
  * the first parameter represents a starting number;
  * the second parameter shows how many consecutive numbers are to be processed;
- two natural numbers and properties to search for;
- separate the parameters with one space;
- enter 0 to exit.
Enter a request: > 37 4 spy 89
The property [89] is wrong.
Available properties: [BUZZ, DUCK, PALINDROMIC, GAPFUL, SPY, SQUARE, SUNNY, JUMPING, EVEN, ODD]
Enter a request: > 0
Goodbye!
?[1;31m
Start test 50?[0m
Welcome to Amazing Numbers!

Supported requests:
- enter a natural number to know its properties;
- enter two natural numbers to obtain the properties of the list:
  * the first parameter represents a starting number;
  * the second parameter shows how many consecutive numbers are to be processed;
- two natural numbers and properties to search for;
- separate the parameters with one space;
- enter 0 to exit.
Enter a request: > 67 2 DUCK +
The property [+] is wrong.
Available properties: [BUZZ, DUCK, PALINDROMIC, GAPFUL, SPY, SQUARE, SUNNY, JUMPING, EVEN, ODD]
Enter a request: > 0
Goodbye!
?[1;31m
Start test 51?[0m
Welcome to Amazing Numbers!

Supported requests:
- enter a natural number to know its properties;
- enter two natural numbers to obtain the properties of the list:
  * the first parameter represents a starting number;
  * the second parameter shows how many consecutive numbers are to be processed;
- two natural numbers and properties to search for;
- separate the parameters with one space;
- enter 0 to exit.
Enter a request: > 1 10 boy friend
The properties [BOY, FRIEND] are wrong.
Available properties: [EVEN, ODD, BUZZ, DUCK, PALINDROMIC, GAPFUL, SPY, SQUARE, SUNNY, JUMPING]
Enter a request: > 0
Goodbye!
?[1;31m
Start test 52?[0m
Welcome to Amazing Numbers!

Supported requests:
- enter a natural number to know its properties;
- enter two natural numbers to obtain the properties of the list:
  * the first parameter represents a starting number;
  * the second parameter shows how many consecutive numbers are to be processed;
- two natural numbers and properties to search for;
- separate the parameters with one space;
- enter 0 to exit.
Enter a request: > 40 2 long day
The properties [LONG, DAY] are wrong.
Available properties: [EVEN, ODD, BUZZ, DUCK, PALINDROMIC, GAPFUL, SPY, SQUARE, SUNNY, JUMPING]
Enter a request: > 0
Goodbye!
?[1;31m
Start test 53?[0m
Welcome to Amazing Numbers!

Supported requests:
- enter a natural number to know its properties;
- enter two natural numbers to obtain the properties of the list:
  * the first parameter represents a starting number;
  * the second parameter shows how many consecutive numbers are to be processed;
- two natural numbers and properties to search for;
- separate the parameters with one space;
- enter 0 to exit.
Enter a request: > 37 4 hot girl
The properties [HOT, GIRL] are wrong.
Available properties: [EVEN, ODD, BUZZ, DUCK, PALINDROMIC, GAPFUL, SPY, SQUARE, SUNNY, JUMPING]
Enter a request: > 0
Goodbye!
?[1;31m
Start test 54?[0m
Welcome to Amazing Numbers!

Supported requests:
- enter a natural number to know its properties;
- enter two natural numbers to obtain the properties of the list:
  * the first parameter represents a starting number;
  * the second parameter shows how many consecutive numbers are to be processed;
- two natural numbers and properties to search for;
- separate the parameters with one space;
- enter 0 to exit.
Enter a request: > 67 2 strong drake
The properties [STRONG, DRAKE] are wrong.
Available properties: [EVEN, ODD, BUZZ, DUCK, PALINDROMIC, GAPFUL, SPY, SQUARE, SUNNY, JUMPING]
Enter a request: > 0
Goodbye!
?[1;31m
Start test 55?[0m
Welcome to Amazing Numbers!

Supported requests:
- enter a natural number to know its properties;
- enter two natural numbers to obtain the properties of the list:
  * the first parameter represents a starting number;
  * the second parameter shows how many consecutive numbers are to be processed;
- two natural numbers and properties to search for;
- separate the parameters with one space;
- enter 0 to exit.
Enter a request: > 1 7 odd spy palindromic
1 is jumping, square, spy, palindromic, odd
3 is jumping, sunny, spy, palindromic, odd
5 is jumping, spy, palindromic, odd
7 is jumping, spy, buzz, palindromic, odd
9 is jumping, square, spy, palindromic, odd
12221 is spy, palindromic, gapful, odd
13131 is spy, palindromic, odd
Enter a request: > 0
Goodbye!
?[1;31m
Start test 56?[0m
Welcome to Amazing Numbers!

Supported requests:
- enter a natural number to know its properties;
- enter two natural numbers to obtain the properties of the list:
  * the first parameter represents a starting number;
  * the second parameter shows how many consecutive numbers are to be processed;
- two natural numbers and properties to search for;
- separate the parameters with one space;
- enter 0 to exit.
Enter a request: > 1 10 even palindromic duck buzz
2002 is buzz, duck, palindromic, gapful, even
4004 is buzz, duck, palindromic, gapful, even
6006 is buzz, duck, palindromic, gapful, even
8008 is buzz, duck, palindromic, gapful, even
20202 is buzz, duck, palindromic, even
20902 is buzz, duck, palindromic, even
22022 is buzz, duck, palindromic, gapful, even
29092 is buzz, duck, palindromic, even
40404 is buzz, duck, palindromic, even
44044 is buzz, duck, palindromic, gapful, even
Enter a request: > 0
Goodbye!
?[1;31m
Start test 57?[0m
Welcome to Amazing Numbers!

Supported requests:
- enter a natural number to know its properties;
- enter two natural numbers to obtain the properties of the list:
  * the first parameter represents a starting number;
  * the second parameter shows how many consecutive numbers are to be processed;
- two natural numbers and properties to search for;
- separate the parameters with one space;
- enter 0 to exit.
Enter a request: > 1 9 even palindromic duck buzz gapful
2002 is buzz, duck, palindromic, gapful, even
4004 is buzz, duck, palindromic, gapful, even
6006 is buzz, duck, palindromic, gapful, even
8008 is buzz, duck, palindromic, gapful, even
22022 is buzz, duck, palindromic, gapful, even
44044 is buzz, duck, palindromic, gapful, even
66066 is buzz, duck, palindromic, gapful, even
88088 is buzz, duck, palindromic, gapful, even
202202 is buzz, duck, palindromic, gapful, even
Enter a request: > 0
Goodbye!
?[1;31m
Start test 58?[0m
Welcome to Amazing Numbers!

Supported requests:
- enter a natural number to know its properties;
- enter two natural numbers to obtain the properties of the list:
  * the first parameter represents a starting number;
  * the second parameter shows how many consecutive numbers are to be processed;
- two natural numbers and properties to search for;
- separate the parameters with one space;
- enter 0 to exit.
Enter a request: > 1 10 even sunny duck buzz gapful
1680 is sunny, buzz, duck, gapful, even
4760 is sunny, buzz, duck, gapful, even
9408 is sunny, buzz, duck, gapful, even
12320 is sunny, buzz, duck, gapful, even
19320 is sunny, buzz, duck, gapful, even
19880 is sunny, buzz, duck, gapful, even
23408 is sunny, buzz, duck, gapful, even
24024 is sunny, buzz, duck, gapful, even
28560 is sunny, buzz, duck, gapful, even
32760 is sunny, buzz, duck, gapful, even
Enter a request: > 0
Goodbye!
?[1;31m
Start test 59?[0m
Welcome to Amazing Numbers!

Supported requests:
- enter a natural number to know its properties;
- enter two natural numbers to obtain the properties of the list:
  * the first parameter represents a starting number;
  * the second parameter shows how many consecutive numbers are to be processed;
- two natural numbers and properties to search for;
- separate the parameters with one space;
- enter 0 to exit.
Enter a request: > 100000 2 even spy buzz gapful
111216 is spy, buzz, gapful, even
161112 is spy, buzz, gapful, even
Enter a request: > 0
Goodbye!
?[1;31m
Start test 60?[0m
Welcome to Amazing Numbers!

Supported requests:
- enter a natural number to know its properties;
- enter two natural numbers to obtain the properties of the list:
  * the first parameter represents a starting number;
  * the second parameter shows how many consecutive numbers are to be processed;
- two natural numbers and properties to search for;
- separate the parameters with one space;
- enter 0 to exit.
Enter a request: > 100 4 odd spy gapful
231 is spy, buzz, gapful, odd
12221 is spy, palindromic, gapful, odd
216111 is spy, buzz, gapful, odd
1111341 is spy, buzz, gapful, odd
Enter a request: > 0
Goodbye!
?[1;31m
Start test 61?[0m
Welcome to Amazing Numbers!

Supported requests:
- enter a natural number to know its properties;
- enter two natural numbers to obtain the properties of the list:
  * the first parameter represents a starting number;
  * the second parameter shows how many consecutive numbers are to be processed;
- two natural numbers and properties to search for;
- separate the parameters with one space;
- enter 0 to exit.
Enter a request: > 2000 4 even palindromic duck
2002 is buzz, duck, palindromic, gapful, even
4004 is buzz, duck, palindromic, gapful, even
6006 is buzz, duck, palindromic, gapful, even
8008 is buzz, duck, palindromic, gapful, even
Enter a request: > 0
Goodbye!
?[1;31m
Start test 62?[0m
Welcome to Amazing Numbers!

Supported requests:
- enter a natural number to know its properties;
- enter two natural numbers to obtain the properties of the list:
  * the first parameter represents a starting number;
  * the second parameter shows how many consecutive numbers are to be processed;
- two natural numbers and properties to search for;
- separate the parameters with one space;
- enter 0 to exit.
Enter a request: > 1 7 even spy
2 is jumping, spy, palindromic, even
4 is jumping, square, spy, palindromic, even
6 is jumping, spy, palindromic, even
8 is jumping, sunny, spy, palindromic, even
22 is spy, palindromic, even
132 is spy, gapful, even
312 is spy, even
Enter a request: > 0
Goodbye!
?[1;31m
Start test 63?[0m
Welcome to Amazing Numbers!

Supported requests:
- enter a natural number to know its properties;
- enter two natural numbers to obtain the properties of the list:
  * the first parameter represents a starting number;
  * the second parameter shows how many consecutive numbers are to be processed;
- two natural numbers and properties to search for;
- separate the parameters with one space;
- enter 0 to exit.
Enter a request: > 1 10 odd buzz
7 is jumping, spy, buzz, palindromic, odd
17 is buzz, odd
21 is jumping, buzz, odd
27 is buzz, odd
35 is sunny, buzz, odd
37 is buzz, odd
47 is buzz, odd
49 is square, buzz, odd
57 is buzz, odd
63 is sunny, buzz, odd
Enter a request: > 0
Goodbye!
?[1;31m
Start test 64?[0m
Welcome to Amazing Numbers!

Supported requests:
- enter a natural number to know its properties;
- enter two natural numbers to obtain the properties of the list:
  * the first parameter represents a starting number;
  * the second parameter shows how many consecutive numbers are to be processed;
- two natural numbers and properties to search for;
- separate the parameters with one space;
- enter 0 to exit.
Enter a request: > 1 9 buzz gapful
105 is buzz, duck, gapful, odd
140 is buzz, duck, gapful, even
154 is buzz, gapful, even
187 is buzz, gapful, odd
231 is spy, buzz, gapful, odd
280 is buzz, duck, gapful, even
297 is buzz, gapful, odd
315 is buzz, gapful, odd
385 is buzz, gapful, odd
Enter a request: > 0
Goodbye!
?[1;31m
Start test 65?[0m
Welcome to Amazing Numbers!

Supported requests:
- enter a natural number to know its properties;
- enter two natural numbers to obtain the properties of the list:
  * the first parameter represents a starting number;
  * the second parameter shows how many consecutive numbers are to be processed;
- two natural numbers and properties to search for;
- separate the parameters with one space;
- enter 0 to exit.
Enter a request: > 1 10 spy buzz
7 is jumping, spy, buzz, palindromic, odd
231 is spy, buzz, gapful, odd
1421 is spy, buzz, odd
2114 is spy, buzz, even
15211 is spy, buzz, odd
21511 is spy, buzz, odd
22211 is spy, buzz, odd
31311 is spy, buzz, odd
51121 is spy, buzz, odd
111216 is spy, buzz, gapful, even
Enter a request: > 0
Goodbye!
?[1;31m
Start test 66?[0m
Welcome to Amazing Numbers!

Supported requests:
- enter a natural number to know its properties;
- enter two natural numbers to obtain the properties of the list:
  * the first parameter represents a starting number;
  * the second parameter shows how many consecutive numbers are to be processed;
- two natural numbers and properties to search for;
- separate the parameters with one space;
- enter 0 to exit.
Enter a request: > 100000 2 even spy
111126 is spy, even
111162 is spy, even
Enter a request: > 0
Goodbye!
?[1;31m
Start test 67?[0m
Welcome to Amazing Numbers!

Supported requests:
- enter a natural number to know its properties;
- enter two natural numbers to obtain the properties of the list:
  * the first parameter represents a starting number;
  * the second parameter shows how many consecutive numbers are to be processed;
- two natural numbers and properties to search for;
- separate the parameters with one space;
- enter 0 to exit.
Enter a request: > 100 4 odd gapful
105 is buzz, duck, gapful, odd
121 is jumping, square, palindromic, gapful, odd
135 is gapful, odd
143 is sunny, gapful, odd
Enter a request: > 0
Goodbye!
?[1;31m
Start test 68?[0m
Welcome to Amazing Numbers!

Supported requests:
- enter a natural number to know its properties;
- enter two natural numbers to obtain the properties of the list:
  * the first parameter represents a starting number;
  * the second parameter shows how many consecutive numbers are to be processed;
- two natural numbers and properties to search for;
- separate the parameters with one space;
- enter 0 to exit.
Enter a request: > 2000 4 palindromic duck
2002 is buzz, duck, palindromic, gapful, even
3003 is buzz, duck, palindromic, gapful, odd
4004 is buzz, duck, palindromic, gapful, even
5005 is buzz, duck, palindromic, gapful, odd
Enter a request: > 0
Goodbye!
?[1;31m
Start test 69?[0m
Welcome to Amazing Numbers!

Supported requests:
- enter a natural number to know its properties;
- enter two natural numbers to obtain the properties of the list:
  * the first parameter represents a starting number;
  * the second parameter shows how many consecutive numbers are to be processed;
- two natural numbers and properties to search for;
- separate the parameters with one space;
- enter 0 to exit.
Enter a request: > 3718 3 BUZZ SUNNY EVEN SPY buzzz
The property [BUZZZ] is wrong.
Available properties: [BUZZ, DUCK, PALINDROMIC, GAPFUL, SPY, SQUARE, SUNNY, JUMPING, EVEN, ODD]
Enter a request: > 0
Goodbye!
?[1;31m
Start test 70?[0m
Welcome to Amazing Numbers!

Supported requests:
- enter a natural number to know its properties;
- enter two natural numbers to obtain the properties of the list:
  * the first parameter represents a starting number;
  * the second parameter shows how many consecutive numbers are to be processed;
- two natural numbers and properties to search for;
- separate the parameters with one space;
- enter 0 to exit.
Enter a request: > 24526 18 JUMPING drake BUZZ
The property [DRAKE] is wrong.
Available properties: [BUZZ, DUCK, PALINDROMIC, GAPFUL, SPY, SQUARE, SUNNY, JUMPING, EVEN, ODD]
Enter a request: > 0
Goodbye!
?[1;31m
Start test 71?[0m
Welcome to Amazing Numbers!

Supported requests:
- enter a natural number to know its properties;
- enter two natural numbers to obtain the properties of the list:
  * the first parameter represents a starting number;
  * the second parameter shows how many consecutive numbers are to be processed;
- two natural numbers and properties to search for;
- separate the parameters with one space;
- enter 0 to exit.
Enter a request: > 17255 15 DUCK drake ODD
The property [DRAKE] is wrong.
Available properties: [BUZZ, DUCK, PALINDROMIC, GAPFUL, SPY, SQUARE, SUNNY, JUMPING, EVEN, ODD]
Enter a request: > 0
Goodbye!
?[1;31m
Start test 72?[0m
Welcome to Amazing Numbers!

Supported requests:
- enter a natural number to know its properties;
- enter two natural numbers to obtain the properties of the list:
  * the first parameter represents a starting number;
  * the second parameter shows how many consecutive numbers are to be processed;
- two natural numbers and properties to search for;
- separate the parameters with one space;
- enter 0 to exit.
Enter a request: > 15163 3 reverse SUNNY DUCK SPY GAPFUL
The property [REVERSE] is wrong.
Available properties: [BUZZ, DUCK, PALINDROMIC, GAPFUL, SPY, SQUARE, SUNNY, JUMPING, EVEN, ODD]
The request contains mutually exclusive properties: [DUCK, SPY]
There are no numbers with these properties.
Enter a request: > 0
Goodbye!
?[1;31m
Start test 73?[0m
Welcome to Amazing Numbers!

Supported requests:
- enter a natural number to know its properties;
- enter two natural numbers to obtain the properties of the list:
  * the first parameter represents a starting number;
  * the second parameter shows how many consecutive numbers are to be processed;
- two natural numbers and properties to search for;
- separate the parameters with one space;
- enter 0 to exit.
Enter a request: > 4892 18 ... DUCK SPY
The property [...] is wrong.
Available properties: [BUZZ, DUCK, PALINDROMIC, GAPFUL, SPY, SQUARE, SUNNY, JUMPING, EVEN, ODD]
The request contains mutually exclusive properties: [DUCK, SPY]
There are no numbers with these properties.
Enter a request: > 0
Goodbye!
?[1;31m
Start test 74?[0m
Welcome to Amazing Numbers!

Supported requests:
- enter a natural number to know its properties;
- enter two natural numbers to obtain the properties of the list:
  * the first parameter represents a starting number;
  * the second parameter shows how many consecutive numbers are to be processed;
- two natural numbers and properties to search for;
- separate the parameters with one space;
- enter 0 to exit.
Enter a request: > 32430 13 simple GAPFUL
The property [SIMPLE] is wrong.
Available properties: [BUZZ, DUCK, PALINDROMIC, GAPFUL, SPY, SQUARE, SUNNY, JUMPING, EVEN, ODD]
Enter a request: > 0
Goodbye!
?[1;31m
Start test 75?[0m
Welcome to Amazing Numbers!

Supported requests:
- enter a natural number to know its properties;
- enter two natural numbers to obtain the properties of the list:
  * the first parameter represents a starting number;
  * the second parameter shows how many consecutive numbers are to be processed;
- two natural numbers and properties to search for;
- separate the parameters with one space;
- enter 0 to exit.
Enter a request: > 11209 18 GAPFUL SPY BUZZ reverse
The property [REVERSE] is wrong.
Available properties: [BUZZ, DUCK, PALINDROMIC, GAPFUL, SPY, SQUARE, SUNNY, JUMPING, EVEN, ODD]
Enter a request: > 0
Goodbye!
?[1;31m
Start test 76?[0m
Welcome to Amazing Numbers!

Supported requests:
- enter a natural number to know its properties;
- enter two natural numbers to obtain the properties of the list:
  * the first parameter represents a starting number;
  * the second parameter shows how many consecutive numbers are to be processed;
- two natural numbers and properties to search for;
- separate the parameters with one space;
- enter 0 to exit.
Enter a request: > 26393 3 &hj SPY DUCK
The property [&HJ] is wrong.
Available properties: [BUZZ, DUCK, PALINDROMIC, GAPFUL, SPY, SQUARE, SUNNY, JUMPING, EVEN, ODD]
The request contains mutually exclusive properties: [DUCK, SPY]
There are no numbers with these properties.
Enter a request: > 0
Goodbye!
?[1;31m
Start test 77?[0m
Welcome to Amazing Numbers!

Supported requests:
- enter a natural number to know its properties;
- enter two natural numbers to obtain the properties of the list:
  * the first parameter represents a starting number;
  * the second parameter shows how many consecutive numbers are to be processed;
- two natural numbers and properties to search for;
- separate the parameters with one space;
- enter 0 to exit.
Enter a request: > 5379 8 SQUARE gipful BUZZ SPY SUNNY
The property [GIPFUL] is wrong.
Available properties: [BUZZ, DUCK, PALINDROMIC, GAPFUL, SPY, SQUARE, SUNNY, JUMPING, EVEN, ODD]
The request contains mutually exclusive properties: [SQUARE, SUNNY]
There are no numbers with these properties.
Enter a request: > 0
Goodbye!
?[1;31m
Start test 78?[0m
Welcome to Amazing Numbers!

Supported requests:
- enter a natural number to know its properties;
- enter two natural numbers to obtain the properties of the list:
  * the first parameter represents a starting number;
  * the second parameter shows how many consecutive numbers are to be processed;
- two natural numbers and properties to search for;
- separate the parameters with one space;
- enter 0 to exit.
Enter a request: > 9321 10 GAPFUL PALINDROMIC BUZZ &hj
The property [&HJ] is wrong.
Available properties: [BUZZ, DUCK, PALINDROMIC, GAPFUL, SPY, SQUARE, SUNNY, JUMPING, EVEN, ODD]
Enter a request: > 0
Goodbye!
?[1;31m
Start test 79?[0m
Welcome to Amazing Numbers!

Supported requests:
- enter a natural number to know its properties;
- enter two natural numbers to obtain the properties of the list:
  * the first parameter represents a starting number;
  * the second parameter shows how many consecutive numbers are to be processed;
- two natural numbers and properties to search for;
- separate the parameters with one space;
- enter 0 to exit.
Enter a request: > 5 1 odd even
The property [] is wrong.
Available properties: [BUZZ, DUCK, PALINDROMIC, GAPFUL, SPY, SQUARE, SUNNY, JUMPING, EVEN, ODD]
The request contains mutually exclusive properties: [EVEN, ODD]
There are no numbers with these properties.
Enter a request: > 0
Goodbye!
?[1;31m
Start test 80?[0m
Welcome to Amazing Numbers!

Supported requests:
- enter a natural number to know its properties;
- enter two natural numbers to obtain the properties of the list:
  * the first parameter represents a starting number;
  * the second parameter shows how many consecutive numbers are to be processed;
- two natural numbers and properties to search for;
- separate the parameters with one space;
- enter 0 to exit.
Enter a request: > 4 3 even odd
The property [] is wrong.
Available properties: [BUZZ, DUCK, PALINDROMIC, GAPFUL, SPY, SQUARE, SUNNY, JUMPING, EVEN, ODD]
The request contains mutually exclusive properties: [EVEN, ODD]
There are no numbers with these properties.
Enter a request: > 0
Goodbye!
?[1;31m
Start test 81?[0m
Welcome to Amazing Numbers!

Supported requests:
- enter a natural number to know its properties;
- enter two natural numbers to obtain the properties of the list:
  * the first parameter represents a starting number;
  * the second parameter shows how many consecutive numbers are to be processed;
- two natural numbers and properties to search for;
- separate the parameters with one space;
- enter 0 to exit.
Enter a request: > 32 2 sunny square
The property [] is wrong.
Available properties: [BUZZ, DUCK, PALINDROMIC, GAPFUL, SPY, SQUARE, SUNNY, JUMPING, EVEN, ODD]
The request contains mutually exclusive properties: [SQUARE, SUNNY]
There are no numbers with these properties.
Enter a request: > 0
Goodbye!
?[1;31m
Start test 82?[0m
Welcome to Amazing Numbers!

Supported requests:
- enter a natural number to know its properties;
- enter two natural numbers to obtain the properties of the list:
  * the first parameter represents a starting number;
  * the second parameter shows how many consecutive numbers are to be processed;
- two natural numbers and properties to search for;
- separate the parameters with one space;
- enter 0 to exit.
Enter a request: > 3153 2 spy duck
The property [] is wrong.
Available properties: [BUZZ, DUCK, PALINDROMIC, GAPFUL, SPY, SQUARE, SUNNY, JUMPING, EVEN, ODD]
The request contains mutually exclusive properties: [DUCK, SPY]
There are no numbers with these properties.
Enter a request: > 0
Goodbye!
?[1;31m
Start test 83?[0m
Welcome to Amazing Numbers!

Supported requests:
- enter a natural number to know its properties;
- enter two natural numbers to obtain the properties of the list:
  * the first parameter represents a starting number;
  * the second parameter shows how many consecutive numbers are to be processed;
- two natural numbers and properties to search for;
- separate the parameters with one space;
- enter 0 to exit.
Enter a request: > 6 7 duck spy
The property [] is wrong.
Available properties: [BUZZ, DUCK, PALINDROMIC, GAPFUL, SPY, SQUARE, SUNNY, JUMPING, EVEN, ODD]
The request contains mutually exclusive properties: [DUCK, SPY]
There are no numbers with these properties.
Enter a request: > 0
Goodbye!
?[1;31m
Start test 84?[0m
Welcome to Amazing Numbers!

Supported requests:
- enter a natural number to know its properties;
- enter two natural numbers to obtain the properties of the list:
  * the first parameter represents a starting number;
  * the second parameter shows how many consecutive numbers are to be processed;
- two natural numbers and properties to search for;
- separate the parameters with one space;
- enter 0 to exit.
Enter a request: > 1 2 spy odd sunny even
The property [] is wrong.
Available properties: [BUZZ, DUCK, PALINDROMIC, GAPFUL, SPY, SQUARE, SUNNY, JUMPING, EVEN, ODD]
The request contains mutually exclusive properties: [EVEN, ODD]
There are no numbers with these properties.
Enter a request: > 0
Goodbye!
?[1;31m
Start test 85?[0m
Welcome to Amazing Numbers!

Supported requests:
- enter a natural number to know its properties;
- enter two natural numbers to obtain the properties of the list:
  * the first parameter represents a starting number;
  * the second parameter shows how many consecutive numbers are to be processed;
- two natural numbers and properties to search for;
- separate the parameters with one space;
- enter 0 to exit.
Enter a request: > 7 2 sunny even duck buzz square
The property [] is wrong.
Available properties: [BUZZ, DUCK, PALINDROMIC, GAPFUL, SPY, SQUARE, SUNNY, JUMPING, EVEN, ODD]
The request contains mutually exclusive properties: [SQUARE, SUNNY]
There are no numbers with these properties.
Enter a request: > 0
Goodbye!
?[1;31m
Start test 86?[0m
Welcome to Amazing Numbers!

Supported requests:
- enter a natural number to know its properties;
- enter two natural numbers to obtain the properties of the list:
  * the first parameter represents a starting number;
  * the second parameter shows how many consecutive numbers are to be processed;
- two natural numbers and properties to search for;
- separate the parameters with one space;
- enter 0 to exit.
Enter a request: > 9 5 even spy buzz duck
The property [] is wrong.
Available properties: [BUZZ, DUCK, PALINDROMIC, GAPFUL, SPY, SQUARE, SUNNY, JUMPING, EVEN, ODD]
The request contains mutually exclusive properties: [DUCK, SPY]
There are no numbers with these properties.
Enter a request: > 0
Goodbye!
]]></system-out>
  <system-err><![CDATA[]]></system-err>
</testsuite>
